{
  "0 debug pnpm:scope": {
    "selected": 1
  },
  "1 info pnpm": {
    "err": {
      "name": "Error",
      "message": "not found: build",
      "code": "ENOENT",
      "stack": "Error: not found: build\n    at getNotFoundError (C:\\Users\\info\\AppData\\Roaming\\npm\\pnpm-global\\5\\node_modules\\.pnpm\\pnpm@6.24.4\\node_modules\\pnpm\\dist\\pnpm.cjs:41455:51)\n    at Function.whichSync [as sync] (C:\\Users\\info\\AppData\\Roaming\\npm\\pnpm-global\\5\\node_modules\\.pnpm\\pnpm@6.24.4\\node_modules\\pnpm\\dist\\pnpm.cjs:41532:13)\n    at getCommandAbsolutePathSync (C:\\Users\\info\\AppData\\Roaming\\npm\\pnpm-global\\5\\node_modules\\.pnpm\\pnpm@6.24.4\\node_modules\\pnpm\\dist\\pnpm.cjs:43097:44)\n    at default_1 (C:\\Users\\info\\AppData\\Roaming\\npm\\pnpm-global\\5\\node_modules\\.pnpm\\pnpm@6.24.4\\node_modules\\pnpm\\dist\\pnpm.cjs:43106:32)\n    at C:\\Users\\info\\AppData\\Roaming\\npm\\pnpm-global\\5\\node_modules\\.pnpm\\pnpm@6.24.4\\node_modules\\pnpm\\dist\\pnpm.cjs:179764:39"
    }
  },
  "2 error pnpm": {
    "code": "ERR_PNPM_RECURSIVE_EXEC_FIRST_FAIL",
    "prefix": "C:\\Users\\info\\Desktop\\DEV\\svemix\\dist",
    "err": {
      "name": "pnpm",
      "message": "not found: build",
      "code": "ERR_PNPM_RECURSIVE_EXEC_FIRST_FAIL",
      "stack": "Error: not found: build\n    at getNotFoundError (C:\\Users\\info\\AppData\\Roaming\\npm\\pnpm-global\\5\\node_modules\\.pnpm\\pnpm@6.24.4\\node_modules\\pnpm\\dist\\pnpm.cjs:41455:51)\n    at Function.whichSync [as sync] (C:\\Users\\info\\AppData\\Roaming\\npm\\pnpm-global\\5\\node_modules\\.pnpm\\pnpm@6.24.4\\node_modules\\pnpm\\dist\\pnpm.cjs:41532:13)\n    at getCommandAbsolutePathSync (C:\\Users\\info\\AppData\\Roaming\\npm\\pnpm-global\\5\\node_modules\\.pnpm\\pnpm@6.24.4\\node_modules\\pnpm\\dist\\pnpm.cjs:43097:44)\n    at default_1 (C:\\Users\\info\\AppData\\Roaming\\npm\\pnpm-global\\5\\node_modules\\.pnpm\\pnpm@6.24.4\\node_modules\\pnpm\\dist\\pnpm.cjs:43106:32)\n    at C:\\Users\\info\\AppData\\Roaming\\npm\\pnpm-global\\5\\node_modules\\.pnpm\\pnpm@6.24.4\\node_modules\\pnpm\\dist\\pnpm.cjs:179764:39"
    }
  }
}